<?xml version="1.0" encoding="UTF-8"?>
<testng-results ignored="0" total="3" passed="3" failed="0" skipped="0">
  <reporter-output>
  </reporter-output>
  <suite started-at="2022-04-24T18:59:33Z" name="Suite" finished-at="2022-04-24T18:59:33Z" duration-ms="71">
    <groups>
    </groups>
    <test started-at="2022-04-24T18:59:33Z" name="Test" finished-at="2022-04-24T18:59:33Z" duration-ms="71">
      <class name="tests.Testing3">
        <test-method signature="f()[pri:0, instance:tests.Testing3@2aece37d]" started-at="2022-04-24T18:59:33Z" name="f" finished-at="2022-04-24T18:59:33Z" duration-ms="2" status="PASS">
          <reporter-output>
          </reporter-output>
        </test-method> <!-- f -->
      </class> <!-- tests.Testing3 -->
      <class name="tests.Testing1">
        <test-method signature="f()[pri:0, instance:tests.Testing1@14a2f921]" started-at="2022-04-24T18:59:33Z" name="f" finished-at="2022-04-24T18:59:33Z" duration-ms="19" status="PASS">
          <reporter-output>
          </reporter-output>
        </test-method> <!-- f -->
      </class> <!-- tests.Testing1 -->
      <class name="tests.Testing2">
        <test-method signature="f()[pri:0, instance:tests.Testing2@3c87521]" started-at="2022-04-24T18:59:33Z" name="f" finished-at="2022-04-24T18:59:33Z" duration-ms="2" status="PASS">
          <reporter-output>
          </reporter-output>
        </test-method> <!-- f -->
      </class> <!-- tests.Testing2 -->
    </test> <!-- Test -->
  </suite> <!-- Suite -->
</testng-results>
